   1              	# 1 "../T1-EJ2.asm"
   1              	// EJERCICIO 2
   0              	
   0              	
   0              	
   2              	.global start
   3              	.EQU N,10
   4              	.data
   5 0000 01000000 	A:	.word 1, 2, 3, 4, 5, 6, 7, 8, 9, 10
   5      02000000 
   5      03000000 
   5      04000000 
   5      05000000 
   6 0028 04000000 	B: 	.word 4, 5, 6, 7, 8, 9, 10, 11, 12, 13
   6      05000000 
   6      06000000 
   6      07000000 
   6      08000000 
   7              	
   8              	.bss
   9 0000 00000000 	C:	.space 4*N
   9      00000000 
   9      00000000 
   9      00000000 
   9      00000000 
  10              	
  11              	
  12              	.text
  13              	
  14              	
  15              	start:
  16 0000 38409FE5 			LDR R4, =A
  17 0004 38509FE5 			LDR R5, =B
  18 0008 38909FE5 			LDR R9, =C
  19 000c 0060A0E3 			MOV R6, #0	@ r2 <- i
  20              		b1:
  21 0010 0A0056E3 			CMP R6, #N
  22 0014 080000AA 			BGE b1_end
  23              	
  24 0018 067194E7 			LDR R7, [R4, R6, LSL #2]	@ R7 <- A[i]
  25 001c 0980A0E3 			MOV R8, #9
  26 0020 068048E0 			SUB R8, R8, R6				@ R8 <- (9-i)
  27 0024 088195E7 			LDR R8, [R5, R8, LSL #2]			@ R8 <- B[(9-i)]
  28              	
  29 0028 080087E0 			ADD R0, R7, R8				@ R7 <- A[i] + B[9-i]
  30 002c FEFFFFEB 			BL abs						@ R0 <- RESULTADO
  31              	
  32 0030 060189E7 			STR R0, [R9, R6, LSL #2]	@ C[i] <- ABS
  33 0034 016086E2 			ADD R6, R6, #1
  34              	
  35 0038 F4FFFFEA 			B b1
  36              	
  37              		b1_end:
  38 003c FEFFFFEA 			B .
  39 0040 00000000 			.end
  39      28000000 
  39      00000000 
DEFINED SYMBOLS
       ../T1-EJ2.asm:15     .text:00000000 start
       ../T1-EJ2.asm:3      *ABS*:0000000a N
       ../T1-EJ2.asm:5      .data:00000000 A
       ../T1-EJ2.asm:6      .data:00000028 B
       ../T1-EJ2.asm:9      .bss:00000000 C
       ../T1-EJ2.asm:9      .bss:00000000 $d
       ../T1-EJ2.asm:16     .text:00000000 $a
       ../T1-EJ2.asm:20     .text:00000010 b1
       ../T1-EJ2.asm:37     .text:0000003c b1_end
       ../T1-EJ2.asm:39     .text:00000040 $d
                   .debug_aranges:0000000c $d

UNDEFINED SYMBOLS
abs
