
T1-EJ3.elf:     file format elf32-littlearm

Sections:
Idx Name          Size      VMA       LMA       File off  Algn
  0 .data         00000040  0c000000  0c000000  00008000  2**0
                  CONTENTS, ALLOC, LOAD, DATA
  1 .bss          00000100  0c000040  0c000040  00008040  2**0
                  ALLOC
  2 .text         0000005c  0c000140  0c000140  00008140  2**2
                  CONTENTS, ALLOC, LOAD, READONLY, CODE
  3 .ARM.attributes 00000022  00000000  00000000  0000819c  2**0
                  CONTENTS, READONLY
  4 .debug_line   00000051  00000000  00000000  000081be  2**0
                  CONTENTS, READONLY, DEBUGGING
  5 .debug_info   00000055  00000000  00000000  0000820f  2**0
                  CONTENTS, READONLY, DEBUGGING
  6 .debug_abbrev 00000014  00000000  00000000  00008264  2**0
                  CONTENTS, READONLY, DEBUGGING
  7 .debug_aranges 00000020  00000000  00000000  00008278  2**3
                  CONTENTS, READONLY, DEBUGGING

Disassembly of section .text:

0c000140 <start>:

.text


start:
		LDR R4, =A
 c000140:	e59f404c 	ldr	r4, [pc, #76]	; c000194 <b1_end+0x4>
		LDR R5, =B
 c000144:	e59f504c 	ldr	r5, [pc, #76]	; c000198 <b1_end+0x8>
		MOV R6, #0	@ R6 <- i
 c000148:	e3a06000 	mov	r6, #0
		MOV R7, #0  @ R7 <- j
 c00014c:	e3a07000 	mov	r7, #0

0c000150 <b1>:

	b1: CMP R6, #N
 c000150:	e3560004 	cmp	r6, #4
		BGE b1_end
 c000154:	aa00000d 	bge	c000190 <b1_end>

0c000158 <b2>:

	b2: CMP R7, #N
 c000158:	e3570004 	cmp	r7, #4
		BGE b2_end
 c00015c:	aa000008 	bge	c000184 <b2_end>

		MOV R10, #N
 c000160:	e3a0a004 	mov	sl, #4

		MUL R8, R6, R10	@ R8 <- i * NCOLUMNAS
 c000164:	e0080a96 	mul	r8, r6, sl
		ADD R8, R8, R7	@ R8 <- j + (i * NCOLUMNAS)
 c000168:	e0888007 	add	r8, r8, r7

		MUL R9, R7, R10	@ R9 <- j * NCOLUMNAS
 c00016c:	e0090a97 	mul	r9, r7, sl
		ADD R9, R9, R6	@ R9 <- i + (j * NCOLUMNAS)
 c000170:	e0899006 	add	r9, r9, r6

		LDR R0, [R4, R8, LSL #2]
 c000174:	e7940108 	ldr	r0, [r4, r8, lsl #2]
		STR R0, [R5, R9, LSL # 2]
 c000178:	e7850109 	str	r0, [r5, r9, lsl #2]

		ADD R7, R7, #1
 c00017c:	e2877001 	add	r7, r7, #1
		B b1
 c000180:	eafffff2 	b	c000150 <b1>

0c000184 <b2_end>:

	b2_end:
		ADD R6, R6, #1
 c000184:	e2866001 	add	r6, r6, #1
		MOV R7, #0
 c000188:	e3a07000 	mov	r7, #0
		B b1
 c00018c:	eaffffef 	b	c000150 <b1>

0c000190 <b1_end>:

	b1_end:
		B .
 c000190:	eafffffe 	b	c000190 <b1_end>
 c000194:	0c000000 	.word	0x0c000000
 c000198:	0c000040 	.word	0x0c000040
