
T1-EJ5.elf:     file format elf32-littlearm

Sections:
Idx Name          Size      VMA       LMA       File off  Algn
  0 .data         00000064  0c000000  0c000000  00008000  2**0
                  CONTENTS, ALLOC, LOAD, DATA
  1 .text         00000028  0c000064  0c000064  00008064  2**2
                  CONTENTS, ALLOC, LOAD, READONLY, CODE
  2 .ARM.attributes 00000022  00000000  00000000  0000808c  2**0
                  CONTENTS, READONLY
  3 .debug_line   00000045  00000000  00000000  000080ae  2**0
                  CONTENTS, READONLY, DEBUGGING
  4 .debug_info   00000055  00000000  00000000  000080f3  2**0
                  CONTENTS, READONLY, DEBUGGING
  5 .debug_abbrev 00000014  00000000  00000000  00008148  2**0
                  CONTENTS, READONLY, DEBUGGING
  6 .debug_aranges 00000020  00000000  00000000  00008160  2**3
                  CONTENTS, READONLY, DEBUGGING

Disassembly of section .text:

0c000064 <start>:
A : .word 1,2,3,4,5,6,7,8,9,10,11,12,13,14,15,16,17,18,19,20,21,22,23,24,25
.text

start:

		LDR R4, =A
 c000064:	e59f401c 	ldr	r4, [pc, #28]	; c000088 <b1_end+0x4>
		MOV R5, #0	@ r5 <- i
 c000068:	e3a05000 	mov	r5, #0
		MOV R6, #0	@ r6 <- direccion a leer
 c00006c:	e3a06000 	mov	r6, #0
		LDR R7, [R4, R6]	@ r7 <- datos[0].num
 c000070:	e7947006 	ldr	r7, [r4, r6]

0c000074 <b1>:
	b1:
		CMP R5, R7	@ max = 5
 c000074:	e1550007 	cmp	r5, r7
		BGE b1_end
 c000078:	aa000001 	bge	c000084 <b1_end>



		ADD R5, R5, #1	@ ++i
 c00007c:	e2855001 	add	r5, r5, #1
		B b1
 c000080:	eafffffb 	b	c000074 <b1>

0c000084 <b1_end>:
	b1_end:


		B .
 c000084:	eafffffe 	b	c000084 <b1_end>
 c000088:	0c000000 	.word	0x0c000000
