
T1-EJ4.elf:     file format elf32-littlearm

Sections:
Idx Name          Size      VMA       LMA       File off  Algn
  0 .data         00000040  0c000000  0c000000  00008000  2**0
                  CONTENTS, ALLOC, LOAD, DATA
  1 .text         0000003c  0c000040  0c000040  00008040  2**2
                  CONTENTS, ALLOC, LOAD, READONLY, CODE
  2 .ARM.attributes 00000022  00000000  00000000  0000807c  2**0
                  CONTENTS, READONLY
  3 .debug_line   0000004a  00000000  00000000  0000809e  2**0
                  CONTENTS, READONLY, DEBUGGING
  4 .debug_info   00000055  00000000  00000000  000080e8  2**0
                  CONTENTS, READONLY, DEBUGGING
  5 .debug_abbrev 00000014  00000000  00000000  0000813d  2**0
                  CONTENTS, READONLY, DEBUGGING
  6 .debug_aranges 00000020  00000000  00000000  00008158  2**3
                  CONTENTS, READONLY, DEBUGGING

Disassembly of section .text:

0c000040 <start>:

swap:

.text
start:
		LDR R4, =A
 c000040:	e59f4030 	ldr	r4, [pc, #48]	; c000078 <b1_end+0x4>
		MOV R6, #0	@ R6 <- i
 c000044:	e3a06000 	mov	r6, #0
		MOV R7, #0	@ R7 <- j
 c000048:	e3a07000 	mov	r7, #0

0c00004c <b1>:
	b1:
		CMP R6, #N
 c00004c:	e3560010 	cmp	r6, #16
		BGE b1_end
 c000050:	aa000007 	bge	c000074 <b1_end>

		MOV R8, #N
 c000054:	e3a08010 	mov	r8, #16
		SUB R8, R8, R6	@ R8 <- N - i
 c000058:	e0488006 	sub	r8, r8, r6

0c00005c <b2>:
	b2:
		CMP R7, R8
 c00005c:	e1570008 	cmp	r7, r8
		BGE b2_end
 c000060:	aa000001 	bge	c00006c <b2_end>

		// LLAMADA A SWAP(V[j], V[i])

		ADD R7, R7, #1
 c000064:	e2877001 	add	r7, r7, #1
		ADD R6, R6, #1	@ ++i
 c000068:	e2866001 	add	r6, r6, #1

0c00006c <b2_end>:
	b2_end:
		MOV R7, #0
 c00006c:	e3a07000 	mov	r7, #0
		b b1
 c000070:	eafffff5 	b	c00004c <b1>

0c000074 <b1_end>:
	b1_end:


		B .
 c000074:	eafffffe 	b	c000074 <b1_end>
 c000078:	0c000000 	.word	0x0c000000
